2022-07-08 13:03:01,305 INFO sqlalchemy.engine.Engine select pg_catalog.version()
2022-07-08 13:03:01,305 INFO sqlalchemy.engine.Engine [raw sql] {}
2022-07-08 13:03:01,306 INFO sqlalchemy.engine.Engine select current_schema()
2022-07-08 13:03:01,307 INFO sqlalchemy.engine.Engine [raw sql] {}
2022-07-08 13:03:01,308 INFO sqlalchemy.engine.Engine show standard_conforming_strings
2022-07-08 13:03:01,308 INFO sqlalchemy.engine.Engine [raw sql] {}
2022-07-08 13:03:01,309 INFO sqlalchemy.engine.Engine BEGIN (implicit)
2022-07-08 13:03:01,310 INFO sqlalchemy.engine.Engine select relname from pg_class c join pg_namespace n on n.oid=c.relnamespace where pg_catalog.pg_table_is_visible(c.oid) and relname=%(name)s
2022-07-08 13:03:01,310 INFO sqlalchemy.engine.Engine [generated in 0.00039s] {'name': 'file_record'}
2022-07-08 13:03:01,314 INFO sqlalchemy.engine.Engine COMMIT
2022-07-08 13:03:01,316 INFO sqlalchemy.engine.Engine BEGIN (implicit)
2022-07-08 13:03:01,317 INFO sqlalchemy.engine.Engine SAVEPOINT sa_savepoint_1
2022-07-08 13:03:01,317 INFO sqlalchemy.engine.Engine [no key 0.00033s] {}
2022-07-08 13:03:01,318 INFO sqlalchemy.engine.Engine SAVEPOINT sa_savepoint_2
2022-07-08 13:03:01,318 INFO sqlalchemy.engine.Engine [no key 0.00032s] {}
2022-07-08 13:03:01,320 INFO sqlalchemy.engine.Engine SELECT file_record.id AS file_record_id, file_record.name AS file_record_name, file_record.extension AS file_record_extension, file_record.size AS file_record_size, file_record.path AS file_record_path, file_record.created_at AS file_record_created_at, file_record.updated_at AS file_record_updated_at, file_record.comment AS file_record_comment 
FROM file_record
2022-07-08 13:03:01,321 INFO sqlalchemy.engine.Engine [generated in 0.00049s] {}
2022-07-08 13:03:01,324 INFO sqlalchemy.engine.Engine RELEASE SAVEPOINT sa_savepoint_2
2022-07-08 13:03:01,325 INFO sqlalchemy.engine.Engine [no key 0.00052s] {}
2022-07-08 13:03:01,342 INFO sqlalchemy.engine.Engine RELEASE SAVEPOINT sa_savepoint_1
2022-07-08 13:03:01,342 INFO sqlalchemy.engine.Engine [no key 0.00038s] {}
2022-07-08 13:03:01,344 INFO sqlalchemy.engine.Engine COMMIT
